[DEBUG][21-06-16][org.apache.hadoop.security.Groups] Creating new Groups object
[DEBUG][21-06-16][org.apache.hadoop.util.NativeCodeLoader]Trying to load the custom-built native-hadoop library...
[DEBUG][21-06-16][org.apache.hadoop.util.NativeCodeLoader]Loaded the native-hadoop library
[DEBUG][21-06-16][org.apache.hadoop.security.JniBasedUnixGroupsMapping]Using JniBasedUnixGroupsMapping for Group resolution
[DEBUG][21-06-16][org.apache.hadoop.security.JniBasedUnixGroupsMappingWithFallback]Group mapping impl=org.apache.hadoop.security.JniBasedUnixGroupsMapping
[DEBUG][21-06-16][org.apache.hadoop.security.Groups]Group mapping impl=org.apache.hadoop.security.JniBasedUnixGroupsMappingWithFallback; cacheTimeout=300000; warningDeltaMs=5000
[DEBUG][21-06-16][org.apache.hadoop.metrics2.lib.MutableMetricsFactory]field org.apache.hadoop.metrics2.lib.MutableRate org.apache.hadoop.security.UserGroupInformation$UgiMetrics.loginSuccess with annotation @org.apache.hadoop.metrics2.annotation.Metric(sampleName=Ops, always=false, about=, type=DEFAULT, value=[Rate of successful kerberos logins and latency (milliseconds)], valueName=Time)
[DEBUG][21-06-16][org.apache.hadoop.metrics2.lib.MutableMetricsFactory]field org.apache.hadoop.metrics2.lib.MutableRate org.apache.hadoop.security.UserGroupInformation$UgiMetrics.loginFailure with annotation @org.apache.hadoop.metrics2.annotation.Metric(sampleName=Ops, always=false, about=, type=DEFAULT, value=[Rate of failed kerberos logins and latency (milliseconds)], valueName=Time)
[DEBUG][21-06-16][org.apache.hadoop.metrics2.lib.MutableMetricsFactory]field org.apache.hadoop.metrics2.lib.MutableRate org.apache.hadoop.security.UserGroupInformation$UgiMetrics.getGroups with annotation @org.apache.hadoop.metrics2.annotation.Metric(sampleName=Ops, always=false, about=, type=DEFAULT, value=[GetGroups], valueName=Time)
[DEBUG][21-06-16][org.apache.hadoop.metrics2.impl.MetricsSystemImpl]UgiMetrics, User and group related metrics
[DEBUG][21-06-16][org.apache.hadoop.security.authentication.util.KerberosName]Kerberos krb5 configuration not found, setting default realm to empty
[DEBUG][21-06-16][org.apache.hadoop.security.UserGroupInformation]hadoop login
[DEBUG][21-06-16][org.apache.hadoop.security.UserGroupInformation]hadoop login commit
[DEBUG][21-06-16][org.apache.hadoop.security.UserGroupInformation]using local user:NTUserPrincipal: capensis
[DEBUG][21-06-16][org.apache.hadoop.security.UserGroupInformation]Using user: "NTUserPrincipal: capensis" with name capensis
[DEBUG][21-06-16][org.apache.hadoop.security.UserGroupInformation]User entry: "capensis"
[DEBUG][21-06-16][org.apache.hadoop.security.UserGroupInformation]Assuming keytab is managed externally since logged in from subject.
[DEBUG][21-06-16][org.apache.hadoop.security.UserGroupInformation]UGI loginUser:capensis (auth:SIMPLE)
[DEBUG][21-06-16][org.apache.hadoop.hbase.zookeeper.ReadOnlyZKClient]Connect 0x062bd765 to hadoop102:2181,hadoop103:2181,hadoop104:2181 with session timeout=90000ms, retries 30, retry interval 1000ms, keepAlive=60000ms
[INFO][21-06-16][org.apache.zookeeper.ZooKeeper]Client environment:zookeeper.version=3.4.10-39d3a4f269333c922ed3db283be479f9deacaa0f, built on 03/23/2017 10:13 GMT
[INFO][21-06-16][org.apache.zookeeper.ZooKeeper]Client environment:host.name=kevin-honor
[INFO][21-06-16][org.apache.zookeeper.ZooKeeper]Client environment:java.version=1.8.0_212
[INFO][21-06-16][org.apache.zookeeper.ZooKeeper]Client environment:java.vendor=Oracle Corporation
[INFO][21-06-16][org.apache.zookeeper.ZooKeeper]Client environment:java.home=C:\Program Files\Java\jdk1.8.0_212\jre
[INFO][21-06-16][org.apache.zookeeper.ZooKeeper]Client environment:java.class.path=C:\Program Files\Java\jdk1.8.0_212\jre\lib\charsets.jar;C:\Program Files\Java\jdk1.8.0_212\jre\lib\deploy.jar;C:\Program Files\Java\jdk1.8.0_212\jre\lib\ext\access-bridge-64.jar;C:\Program Files\Java\jdk1.8.0_212\jre\lib\ext\cldrdata.jar;C:\Program Files\Java\jdk1.8.0_212\jre\lib\ext\dnsns.jar;C:\Program Files\Java\jdk1.8.0_212\jre\lib\ext\jaccess.jar;C:\Program Files\Java\jdk1.8.0_212\jre\lib\ext\jfxrt.jar;C:\Program Files\Java\jdk1.8.0_212\jre\lib\ext\localedata.jar;C:\Program Files\Java\jdk1.8.0_212\jre\lib\ext\nashorn.jar;C:\Program Files\Java\jdk1.8.0_212\jre\lib\ext\sunec.jar;C:\Program Files\Java\jdk1.8.0_212\jre\lib\ext\sunjce_provider.jar;C:\Program Files\Java\jdk1.8.0_212\jre\lib\ext\sunmscapi.jar;C:\Program Files\Java\jdk1.8.0_212\jre\lib\ext\sunpkcs11.jar;C:\Program Files\Java\jdk1.8.0_212\jre\lib\ext\zipfs.jar;C:\Program Files\Java\jdk1.8.0_212\jre\lib\javaws.jar;C:\Program Files\Java\jdk1.8.0_212\jre\lib\jce.jar;C:\Program Files\Java\jdk1.8.0_212\jre\lib\jfr.jar;C:\Program Files\Java\jdk1.8.0_212\jre\lib\jfxswt.jar;C:\Program Files\Java\jdk1.8.0_212\jre\lib\jsse.jar;C:\Program Files\Java\jdk1.8.0_212\jre\lib\management-agent.jar;C:\Program Files\Java\jdk1.8.0_212\jre\lib\plugin.jar;C:\Program Files\Java\jdk1.8.0_212\jre\lib\resources.jar;C:\Program Files\Java\jdk1.8.0_212\jre\lib\rt.jar;E:\IDEAProject\test\HbaseClient\hbaseOperate\target\classes;C:\Users\86187\.m2\repository\org\apache\hadoop\hadoop-hdfs\3.1.3\hadoop-hdfs-3.1.3.jar;C:\Users\86187\.m2\repository\com\google\guava\guava\27.0-jre\guava-27.0-jre.jar;C:\Users\86187\.m2\repository\com\google\guava\failureaccess\1.0\failureaccess-1.0.jar;C:\Users\86187\.m2\repository\com\google\guava\listenablefuture\9999.0-empty-to-avoid-conflict-with-guava\listenablefuture-9999.0-empty-to-avoid-conflict-with-guava.jar;C:\Users\86187\.m2\repository\com\google\code\findbugs\jsr305\3.0.2\jsr305-3.0.2.jar;C:\Users\86187\.m2\repository\org\checkerframework\checker-qual\2.5.2\checker-qual-2.5.2.jar;C:\Users\86187\.m2\repository\com\google\errorprone\error_prone_annotations\2.2.0\error_prone_annotations-2.2.0.jar;C:\Users\86187\.m2\repository\com\google\j2objc\j2objc-annotations\1.1\j2objc-annotations-1.1.jar;C:\Users\86187\.m2\repository\org\codehaus\mojo\animal-sniffer-annotations\1.17\animal-sniffer-annotations-1.17.jar;C:\Users\86187\.m2\repository\org\eclipse\jetty\jetty-server\9.3.24.v20180605\jetty-server-9.3.24.v20180605.jar;C:\Users\86187\.m2\repository\org\eclipse\jetty\jetty-http\9.3.24.v20180605\jetty-http-9.3.24.v20180605.jar;C:\Users\86187\.m2\repository\org\eclipse\jetty\jetty-io\9.3.24.v20180605\jetty-io-9.3.24.v20180605.jar;C:\Users\86187\.m2\repository\org\eclipse\jetty\jetty-util\9.3.24.v20180605\jetty-util-9.3.24.v20180605.jar;C:\Users\86187\.m2\repository\org\eclipse\jetty\jetty-util-ajax\9.3.24.v20180605\jetty-util-ajax-9.3.24.v20180605.jar;C:\Users\86187\.m2\repository\com\sun\jersey\jersey-core\1.19\jersey-core-1.19.jar;C:\Users\86187\.m2\repository\javax\ws\rs\jsr311-api\1.1.1\jsr311-api-1.1.1.jar;C:\Users\86187\.m2\repository\com\sun\jersey\jersey-server\1.19\jersey-server-1.19.jar;C:\Users\86187\.m2\repository\commons-cli\commons-cli\1.2\commons-cli-1.2.jar;C:\Users\86187\.m2\repository\commons-codec\commons-codec\1.11\commons-codec-1.11.jar;C:\Users\86187\.m2\repository\commons-io\commons-io\2.5\commons-io-2.5.jar;C:\Users\86187\.m2\repository\commons-lang\commons-lang\2.6\commons-lang-2.6.jar;C:\Users\86187\.m2\repository\commons-logging\commons-logging\1.1.3\commons-logging-1.1.3.jar;C:\Users\86187\.m2\repository\commons-daemon\commons-daemon\1.0.13\commons-daemon-1.0.13.jar;C:\Users\86187\.m2\repository\log4j\log4j\1.2.17\log4j-1.2.17.jar;C:\Users\86187\.m2\repository\com\google\protobuf\protobuf-java\2.5.0\protobuf-java-2.5.0.jar;C:\Users\86187\.m2\repository\javax\servlet\javax.servlet-api\3.1.0\javax.servlet-api-3.1.0.jar;C:\Users\86187\.m2\repository\io\netty\netty\3.10.5.Final\netty-3.10.5.Final.jar;C:\Users\86187\.m2\repository\io\netty\netty-all\4.0.52.Final\netty-all-4.0.52.Final.jar;C:\Users\86187\.m2\repository\org\apache\htrace\htrace-core4\4.1.0-incubating\htrace-core4-4.1.0-incubating.jar;C:\Users\86187\.m2\repository\org\fusesource\leveldbjni\leveldbjni-all\1.8\leveldbjni-all-1.8.jar;C:\Users\86187\.m2\repository\com\fasterxml\jackson\core\jackson-databind\2.7.8\jackson-databind-2.7.8.jar;C:\Users\86187\.m2\repository\org\apache\hbase\hbase-client\2.1.3\hbase-client-2.1.3.jar;C:\Users\86187\.m2\repository\org\apache\hbase\thirdparty\hbase-shaded-protobuf\2.1.0\hbase-shaded-protobuf-2.1.0.jar;C:\Users\86187\.m2\repository\org\apache\hbase\hbase-hadoop-compat\2.1.3\hbase-hadoop-compat-2.1.3.jar;C:\Users\86187\.m2\repository\org\apache\hbase\hbase-hadoop2-compat\2.1.3\hbase-hadoop2-compat-2.1.3.jar;C:\Users\86187\.m2\repository\org\apache\hbase\hbase-protocol-shaded\2.1.3\hbase-protocol-shaded-2.1.3.jar;C:\Users\86187\.m2\repository\org\apache\hbase\hbase-protocol\2.1.3\hbase-protocol-2.1.3.jar;C:\Users\86187\.m2\repository\org\apache\commons\commons-lang3\3.6\commons-lang3-3.6.jar;C:\Users\86187\.m2\repository\org\slf4j\slf4j-api\1.7.25\slf4j-api-1.7.25.jar;C:\Users\86187\.m2\repository\org\apache\hbase\thirdparty\hbase-shaded-miscellaneous\2.1.0\hbase-shaded-miscellaneous-2.1.0.jar;C:\Users\86187\.m2\repository\org\apache\hbase\thirdparty\hbase-shaded-netty\2.1.0\hbase-shaded-netty-2.1.0.jar;C:\Users\86187\.m2\repository\org\jruby\jcodings\jcodings\1.0.18\jcodings-1.0.18.jar;C:\Users\86187\.m2\repository\org\jruby\joni\joni\2.1.11\joni-2.1.11.jar;C:\Users\86187\.m2\repository\io\dropwizard\metrics\metrics-core\3.2.1\metrics-core-3.2.1.jar;C:\Users\86187\.m2\repository\org\apache\commons\commons-crypto\1.0.0\commons-crypto-1.0.0.jar;C:\Users\86187\.m2\repository\org\apache\hadoop\hadoop-auth\2.7.7\hadoop-auth-2.7.7.jar;C:\Users\86187\.m2\repository\org\apache\httpcomponents\httpclient\4.2.5\httpclient-4.2.5.jar;C:\Users\86187\.m2\repository\org\apache\httpcomponents\httpcore\4.2.4\httpcore-4.2.4.jar;C:\Users\86187\.m2\repository\org\apache\directory\server\apacheds-kerberos-codec\2.0.0-M15\apacheds-kerberos-codec-2.0.0-M15.jar;C:\Users\86187\.m2\repository\org\apache\directory\server\apacheds-i18n\2.0.0-M15\apacheds-i18n-2.0.0-M15.jar;C:\Users\86187\.m2\repository\org\apache\directory\api\api-asn1-api\1.0.0-M20\api-asn1-api-1.0.0-M20.jar;C:\Users\86187\.m2\repository\org\apache\directory\api\api-util\1.0.0-M20\api-util-1.0.0-M20.jar;C:\Users\86187\.m2\repository\org\apache\curator\curator-framework\2.7.1\curator-framework-2.7.1.jar;C:\Users\86187\.m2\repository\org\apache\hadoop\hadoop-common\2.7.7\hadoop-common-2.7.7.jar;C:\Users\86187\.m2\repository\org\apache\hadoop\hadoop-annotations\2.7.7\hadoop-annotations-2.7.7.jar;C:\Users\86187\.m2\repository\xmlenc\xmlenc\0.52\xmlenc-0.52.jar;C:\Users\86187\.m2\repository\commons-httpclient\commons-httpclient\3.1\commons-httpclient-3.1.jar;C:\Users\86187\.m2\repository\commons-net\commons-net\3.1\commons-net-3.1.jar;C:\Users\86187\.m2\repository\commons-collections\commons-collections\3.2.2\commons-collections-3.2.2.jar;C:\Users\86187\.m2\repository\org\mortbay\jetty\jetty-sslengine\6.1.26\jetty-sslengine-6.1.26.jar;C:\Users\86187\.m2\repository\commons-configuration\commons-configuration\1.6\commons-configuration-1.6.jar;C:\Users\86187\.m2\repository\commons-digester\commons-digester\1.8\commons-digester-1.8.jar;C:\Users\86187\.m2\repository\commons-beanutils\commons-beanutils\1.7.0\commons-beanutils-1.7.0.jar;C:\Users\86187\.m2\repository\commons-beanutils\commons-beanutils-core\1.8.0\commons-beanutils-core-1.8.0.jar;C:\Users\86187\.m2\repository\org\codehaus\jackson\jackson-core-asl\1.9.13\jackson-core-asl-1.9.13.jar;C:\Users\86187\.m2\repository\org\codehaus\jackson\jackson-mapper-asl\1.9.13\jackson-mapper-asl-1.9.13.jar;C:\Users\86187\.m2\repository\org\apache\avro\avro\1.7.4\avro-1.7.4.jar;C:\Users\86187\.m2\repository\com\thoughtworks\paranamer\paranamer\2.3\paranamer-2.3.jar;C:\Users\86187\.m2\repository\org\xerial\snappy\snappy-java\1.0.4.1\snappy-java-1.0.4.1.jar;C:\Users\86187\.m2\repository\com\google\code\gson\gson\2.2.4\gson-2.2.4.jar;C:\Users\86187\.m2\repository\com\jcraft\jsch\0.1.54\jsch-0.1.54.jar;C:\Users\86187\.m2\repository\org\apache\curator\curator-client\2.7.1\curator-client-2.7.1.jar;C:\Users\86187\.m2\repository\org\apache\curator\curator-recipes\2.7.1\curator-recipes-2.7.1.jar;C:\Users\86187\.m2\repository\org\apache\htrace\htrace-core\3.1.0-incubating\htrace-core-3.1.0-incubating.jar;C:\Users\86187\.m2\repository\org\apache\commons\commons-compress\1.4.1\commons-compress-1.4.1.jar;C:\Users\86187\.m2\repository\org\tukaani\xz\1.0\xz-1.0.jar;C:\Users\86187\.m2\repository\org\apache\yetus\audience-annotations\0.5.0\audience-annotations-0.5.0.jar;C:\Users\86187\.m2\repository\org\apache\hbase\hbase-server\2.1.3\hbase-server-2.1.3.jar;C:\Users\86187\.m2\repository\org\apache\hbase\hbase-http\2.1.3\hbase-http-2.1.3.jar;C:\Users\86187\.m2\repository\org\eclipse\jetty\jetty-security\9.3.25.v20180904\jetty-security-9.3.25.v20180904.jar;C:\Users\86187\.m2\repository\org\glassfish\jersey\core\jersey-server\2.25.1\jersey-server-2.25.1.jar;C:\Users\86187\.m2\repository\org\glassfish\jersey\core\jersey-common\2.25.1\jersey-common-2.25.1.jar;C:\Users\86187\.m2\repository\org\glassfish\jersey\bundles\repackaged\jersey-guava\2.25.1\jersey-guava-2.25.1.jar;C:\Users\86187\.m2\repository\org\glassfish\hk2\osgi-resource-locator\1.0.1\osgi-resource-locator-1.0.1.jar;C:\Users\86187\.m2\repository\org\glassfish\jersey\core\jersey-client\2.25.1\jersey-client-2.25.1.jar;C:\Users\86187\.m2\repository\org\glassfish\jersey\media\jersey-media-jaxb\2.25.1\jersey-media-jaxb-2.25.1.jar;C:\Users\86187\.m2\repository\javax\annotation\javax.annotation-api\1.2\javax.annotation-api-1.2.jar;C:\Users\86187\.m2\repository\org\glassfish\hk2\hk2-api\2.5.0-b32\hk2-api-2.5.0-b32.jar;C:\Users\86187\.m2\repository\org\glassfish\hk2\hk2-utils\2.5.0-b32\hk2-utils-2.5.0-b32.jar;C:\Users\86187\.m2\repository\org\glassfish\hk2\external\aopalliance-repackaged\2.5.0-b32\aopalliance-repackaged-2.5.0-b32.jar;C:\Users\86187\.m2\repository\org\glassfish\hk2\external\javax.inject\2.5.0-b32\javax.inject-2.5.0-b32.jar;C:\Users\86187\.m2\repository\org\glassfish\hk2\hk2-locator\2.5.0-b32\hk2-locator-2.5.0-b32.jar;C:\Users\86187\.m2\repository\org\javassist\javassist\3.20.0-GA\javassist-3.20.0-GA.jar;C:\Users\86187\.m2\repository\javax\validation\validation-api\1.1.0.Final\validation-api-1.1.0.Final.jar;C:\Users\86187\.m2\repository\org\glassfish\jersey\containers\jersey-container-servlet-core\2.25.1\jersey-container-servlet-core-2.25.1.jar;C:\Users\86187\.m2\repository\javax\ws\rs\javax.ws.rs-api\2.0.1\javax.ws.rs-api-2.0.1.jar;C:\Users\86187\.m2\repository\org\apache\hbase\hbase-procedure\2.1.3\hbase-procedure-2.1.3.jar;C:\Users\86187\.m2\repository\org\apache\hbase\hbase-zookeeper\2.1.3\hbase-zookeeper-2.1.3.jar;C:\Users\86187\.m2\repository\org\apache\hbase\hbase-replication\2.1.3\hbase-replication-2.1.3.jar;C:\Users\86187\.m2\repository\org\apache\hbase\hbase-metrics-api\2.1.3\hbase-metrics-api-2.1.3.jar;C:\Users\86187\.m2\repository\org\apache\hbase\hbase-metrics\2.1.3\hbase-metrics-2.1.3.jar;C:\Users\86187\.m2\repository\org\eclipse\jetty\jetty-servlet\9.3.25.v20180904\jetty-servlet-9.3.25.v20180904.jar;C:\Users\86187\.m2\repository\org\eclipse\jetty\jetty-webapp\9.3.25.v20180904\jetty-webapp-9.3.25.v20180904.jar;C:\Users\86187\.m2\repository\org\eclipse\jetty\jetty-xml\9.3.25.v20180904\jetty-xml-9.3.25.v20180904.jar;C:\Users\86187\.m2\repository\org\glassfish\web\javax.servlet.jsp\2.3.2\javax.servlet.jsp-2.3.2.jar;C:\Users\86187\.m2\repository\org\glassfish\javax.el\3.0.1-b12\javax.el-3.0.1-b12.jar;C:\Users\86187\.m2\repository\javax\servlet\jsp\javax.servlet.jsp-api\2.3.1\javax.servlet.jsp-api-2.3.1.jar;C:\Users\86187\.m2\repository\org\apache\commons\commons-math3\3.6.1\commons-math3-3.6.1.jar;C:\Users\86187\.m2\repository\org\slf4j\slf4j-log4j12\1.7.25\slf4j-log4j12-1.7.25.jar;C:\Users\86187\.m2\repository\org\jamon\jamon-runtime\2.4.1\jamon-runtime-2.4.1.jar;C:\Users\86187\.m2\repository\com\fasterxml\jackson\core\jackson-core\2.9.2\jackson-core-2.9.2.jar;C:\Users\86187\.m2\repository\com\fasterxml\jackson\core\jackson-annotations\2.9.2\jackson-annotations-2.9.2.jar;C:\Users\86187\.m2\repository\com\lmax\disruptor\3.3.6\disruptor-3.3.6.jar;C:\Users\86187\.m2\repository\org\apache\hadoop\hadoop-mapreduce-client-core\2.7.7\hadoop-mapreduce-client-core-2.7.7.jar;C:\Users\86187\.m2\repository\org\apache\hadoop\hadoop-yarn-common\2.7.7\hadoop-yarn-common-2.7.7.jar;C:\Users\86187\.m2\repository\org\apache\hadoop\hadoop-yarn-api\2.7.7\hadoop-yarn-api-2.7.7.jar;C:\Users\86187\.m2\repository\javax\xml\bind\jaxb-api\2.2.2\jaxb-api-2.2.2.jar;C:\Users\86187\.m2\repository\javax\xml\stream\stax-api\1.0-2\stax-api-1.0-2.jar;C:\Users\86187\.m2\repository\javax\activation\activation\1.1\activation-1.1.jar;C:\Users\86187\.m2\repository\javax\servlet\servlet-api\2.5\servlet-api-2.5.jar;C:\Users\86187\.m2\repository\org\mortbay\jetty\jetty-util\6.1.26\jetty-util-6.1.26.jar;C:\Users\86187\.m2\repository\com\sun\jersey\jersey-client\1.9\jersey-client-1.9.jar;C:\Users\86187\.m2\repository\org\codehaus\jackson\jackson-jaxrs\1.9.13\jackson-jaxrs-1.9.13.jar;C:\Users\86187\.m2\repository\org\codehaus\jackson\jackson-xc\1.9.13\jackson-xc-1.9.13.jar;C:\Users\86187\.m2\repository\com\google\inject\guice\3.0\guice-3.0.jar;C:\Users\86187\.m2\repository\javax\inject\javax.inject\1\javax.inject-1.jar;C:\Users\86187\.m2\repository\aopalliance\aopalliance\1.0\aopalliance-1.0.jar;C:\Users\86187\.m2\repository\com\sun\jersey\jersey-json\1.9\jersey-json-1.9.jar;C:\Users\86187\.m2\repository\org\codehaus\jettison\jettison\1.1\jettison-1.1.jar;C:\Users\86187\.m2\repository\com\sun\xml\bind\jaxb-impl\2.2.3-1\jaxb-impl-2.2.3-1.jar;C:\Users\86187\.m2\repository\com\sun\jersey\contribs\jersey-guice\1.9\jersey-guice-1.9.jar;C:\Users\86187\.m2\repository\com\google\inject\extensions\guice-servlet\3.0\guice-servlet-3.0.jar;C:\Users\86187\.m2\repository\org\apache\hbase\hbase-common\2.1.3\hbase-common-2.1.3.jar;C:\Users\86187\.m2\repository\com\github\stephenc\findbugs\findbugs-annotations\1.3.9-1\findbugs-annotations-1.3.9-1.jar;C:\Users\86187\.m2\repository\org\apache\hbase\hbase-mapreduce\2.1.3\hbase-mapreduce-2.1.3.jar;C:\Users\86187\.m2\repository\junit\junit\4.13.2\junit-4.13.2.jar;C:\Users\86187\.m2\repository\org\hamcrest\hamcrest-core\1.3\hamcrest-core-1.3.jar;C:\Users\86187\.m2\repository\org\apache\logging\log4j\log4j-core\2.8.2\log4j-core-2.8.2.jar;C:\Users\86187\.m2\repository\org\apache\logging\log4j\log4j-api\2.8.2\log4j-api-2.8.2.jar;C:\Users\86187\.m2\repository\org\apache\zookeeper\zookeeper\3.4.10\zookeeper-3.4.10.jar;C:\Users\86187\.m2\repository\jline\jline\0.9.94\jline-0.9.94.jar;D:\Program Files\JetBrains\IntelliJ IDEA 2020.3\lib\idea_rt.jar
[INFO][21-06-16][org.apache.zookeeper.ZooKeeper]Client environment:java.library.path=C:\Program Files\Java\jdk1.8.0_212\bin;C:\WINDOWS\Sun\Java\bin;C:\WINDOWS\system32;C:\WINDOWS;C:\Program Files\Java\jdk1.8.0_212\bin;E:\hadoop-3.1.0\bin;E:\apache-maven-3.8.1\bin;D:\Anaconda3;D:\Anaconda3\Library\mingw-w64\bin;D:\Anaconda3\Library\usr\bin;D:\Anaconda3\Library\bin;D:\Anaconda3\Scripts;C:\Program Files\Common Files\Oracle\Java\javapath;C:\WINDOWS\system32;C:\WINDOWS;C:\WINDOWS\System32\Wbem;C:\WINDOWS\System32\WindowsPowerShell\v1.0\;C:\WINDOWS\System32\OpenSSH\;d:\Program Files\MATLAB\R2018b\runtime\win64;d:\Program Files\MATLAB\R2018b\bin;D:\Program Files (x86)\Graphviz2.38\bin\dot.exe;D:\Program Files (x86)\Mysql\mysql-5.7.32-winx64\bin;C:\Program Files (x86)\Common Files\Oracle\Java\javapath;D:\Program Files (x86)\Mysql\mysql-5.7.32-winx64\bin;D:\Program Files\Anaconda3;D:\Program Files\Anaconda3\Library\mingw-w64\bin;D:\Program Files\Anaconda3\Library\usr\bin;D:\Program Files\Anaconda3\Library\bin;D:\Program Files\Anaconda3\Scripts;D:\Program Files (x86)\NetSarang\Xshell 7\;D:\Program Files (x86)\NetSarang\Xftp 7\;D:\Program Files\Anaconda3;D:\Program Files\Anaconda3\Library\mingw-w64\bin;D:\Program Files\Anaconda3\Library\usr\bin;D:\Program Files\Anaconda3\Library\bin;D:\Program Files\Anaconda3\Scripts;C:\Users\86187\AppData\Local\Microsoft\WindowsApps;d:\Program Files\JetBrains\PyCharm 2020.2.2\bin;;D:\Program Files (x86)\Graphviz2.38\bin;D:\Anaconda3;D:\Anaconda3\Library\mingw-w64\bin;D:\Anaconda3\Library\usr\bin;D:\Anaconda3\Library\bin;D:\Anaconda3\Scripts;d:\Program Files\JetBrains\IntelliJ IDEA 2020.3\bin;;D:\Program Files\Microsoft VS Code\bin;;.
[INFO][21-06-16][org.apache.zookeeper.ZooKeeper]Client environment:java.io.tmpdir=C:\Users\86187\AppData\Local\Temp\
[INFO][21-06-16][org.apache.zookeeper.ZooKeeper]Client environment:java.compiler=<NA>
[INFO][21-06-16][org.apache.zookeeper.ZooKeeper]Client environment:os.name=Windows 10
[INFO][21-06-16][org.apache.zookeeper.ZooKeeper]Client environment:os.arch=amd64
[INFO][21-06-16][org.apache.zookeeper.ZooKeeper]Client environment:os.version=10.0
[INFO][21-06-16][org.apache.zookeeper.ZooKeeper]Client environment:user.name=capensis
[INFO][21-06-16][org.apache.zookeeper.ZooKeeper]Client environment:user.home=C:\Users\86187
[INFO][21-06-16][org.apache.zookeeper.ZooKeeper]Client environment:user.dir=E:\IDEAProject\test\HbaseClient
[INFO][21-06-16][org.apache.zookeeper.ZooKeeper]Initiating client connection, connectString=hadoop102:2181,hadoop103:2181,hadoop104:2181 sessionTimeout=90000 watcher=org.apache.hadoop.hbase.zookeeper.ReadOnlyZKClient$$Lambda$6/1873136407@3ae16a41
[DEBUG][21-06-16][org.apache.zookeeper.ClientCnxn]zookeeper.disableAutoWatchReset is false
[INFO][21-06-16][org.apache.zookeeper.ClientCnxn]Opening socket connection to server hadoop103/192.168.10.103:2181. Will not attempt to authenticate using SASL (unknown error)
[INFO][21-06-16][org.apache.zookeeper.ClientCnxn]Socket connection established to hadoop103/192.168.10.103:2181, initiating session
[DEBUG][21-06-16][org.apache.zookeeper.ClientCnxn]Session establishment request sent on hadoop103/192.168.10.103:2181
[INFO][21-06-16][org.apache.zookeeper.ClientCnxn]Session establishment complete on server hadoop103/192.168.10.103:2181, sessionid = 0x37a1435d61d000c, negotiated timeout = 40000
[DEBUG][21-06-16][org.apache.zookeeper.ClientCnxn]Reading reply sessionid:0x37a1435d61d000c, packet:: clientPath:/hbase/hbaseid serverPath:/hbase/hbaseid finished:false header:: 1,4  replyHeader:: 1,98784247959,0  request:: '/hbase/hbaseid,F  response:: #ffffffff000146d61737465723a3136303030ffffffd276b6f5a4a74ffffffb950425546a2431623366393862322d643461622d343837382d396236342d353831306462643262316135,s{42949672968,98784247898,1623579169938,1623842880841,14,0,0,0,67,0,42949672968} 
[DEBUG][21-06-16][org.apache.hbase.thirdparty.io.netty.util.internal.logging.InternalLoggerFactory]Using SLF4J as the default logging framework
[DEBUG][21-06-16][org.apache.hbase.thirdparty.io.netty.util.ResourceLeakDetector]-Dorg.apache.hbase.thirdparty.io.netty.leakDetection.level: simple
[DEBUG][21-06-16][org.apache.hbase.thirdparty.io.netty.util.ResourceLeakDetector]-Dorg.apache.hbase.thirdparty.io.netty.leakDetection.targetRecords: 4
[DEBUG][21-06-16][org.apache.hbase.thirdparty.io.netty.util.internal.PlatformDependent]Platform: Windows
[DEBUG][21-06-16][org.apache.hbase.thirdparty.io.netty.util.internal.PlatformDependent0]-Dio.netty.noUnsafe: false
[DEBUG][21-06-16][org.apache.hbase.thirdparty.io.netty.util.internal.PlatformDependent0]Java version: 8
[DEBUG][21-06-16][org.apache.hbase.thirdparty.io.netty.util.internal.PlatformDependent0]sun.misc.Unsafe.theUnsafe: available
[DEBUG][21-06-16][org.apache.hbase.thirdparty.io.netty.util.internal.PlatformDependent0]sun.misc.Unsafe.copyMemory: available
[DEBUG][21-06-16][org.apache.hbase.thirdparty.io.netty.util.internal.PlatformDependent0]java.nio.Buffer.address: available
[DEBUG][21-06-16][org.apache.hbase.thirdparty.io.netty.util.internal.PlatformDependent0]direct buffer constructor: available
[DEBUG][21-06-16][org.apache.hbase.thirdparty.io.netty.util.internal.PlatformDependent0]java.nio.Bits.unaligned: available, true
[DEBUG][21-06-16][org.apache.hbase.thirdparty.io.netty.util.internal.PlatformDependent0]jdk.internal.misc.Unsafe.allocateUninitializedArray(int): unavailable prior to Java9
[DEBUG][21-06-16][org.apache.hbase.thirdparty.io.netty.util.internal.PlatformDependent0]java.nio.DirectByteBuffer.<init>(long, int): available
[DEBUG][21-06-16][org.apache.hbase.thirdparty.io.netty.util.internal.PlatformDependent]sun.misc.Unsafe: available
[DEBUG][21-06-16][org.apache.hbase.thirdparty.io.netty.util.internal.PlatformDependent]-Dio.netty.tmpdir: C:\Users\86187\AppData\Local\Temp (java.io.tmpdir)
[DEBUG][21-06-16][org.apache.hbase.thirdparty.io.netty.util.internal.PlatformDependent]-Dio.netty.bitMode: 64 (sun.arch.data.model)
[DEBUG][21-06-16][org.apache.hbase.thirdparty.io.netty.util.internal.PlatformDependent]-Dio.netty.noPreferDirect: false
[DEBUG][21-06-16][org.apache.hbase.thirdparty.io.netty.util.internal.PlatformDependent]-Dio.netty.maxDirectMemory: 1853358080 bytes
[DEBUG][21-06-16][org.apache.hbase.thirdparty.io.netty.util.internal.PlatformDependent]-Dio.netty.uninitializedArrayAllocationThreshold: -1
[DEBUG][21-06-16][org.apache.hbase.thirdparty.io.netty.util.internal.CleanerJava6]java.nio.ByteBuffer.cleaner(): available
[DEBUG][21-06-16][org.apache.hbase.thirdparty.io.netty.util.ResourceLeakDetectorFactory]Loaded default ResourceLeakDetector: org.apache.hbase.thirdparty.io.netty.util.ResourceLeakDetector@8909f18
[DEBUG][21-06-16][org.apache.hbase.thirdparty.io.netty.util.internal.PlatformDependent]org.jctools-core.MpscChunkedArrayQueue: available
[DEBUG][21-06-16][org.apache.hadoop.hbase.util.ClassSize]Using Unsafe to estimate memory layout
[DEBUG][21-06-16][org.apache.hadoop.hbase.ipc.AbstractRpcClient]Codec=org.apache.hadoop.hbase.codec.KeyValueCodec@3cc2931c, compressor=null, tcpKeepAlive=true, tcpNoDelay=true, connectTO=10000, readTO=20000, writeTO=60000, minIdleTimeBeforeClose=120000, maxRetries=0, fallbackAllowed=false, bind address=null
[DEBUG][21-06-16][org.apache.hbase.thirdparty.io.netty.channel.MultithreadEventLoopGroup]-Dio.netty.eventLoopThreads: 16
[DEBUG][21-06-16][org.apache.hbase.thirdparty.io.netty.channel.nio.NioEventLoop]-Dio.netty.noKeySetOptimization: false
[DEBUG][21-06-16][org.apache.hbase.thirdparty.io.netty.channel.nio.NioEventLoop]-Dio.netty.selectorAutoRebuildThreshold: 512
[DEBUG][21-06-16][org.apache.zookeeper.ClientCnxn]Reading reply sessionid:0x37a1435d61d000c, packet:: clientPath:/hbase/meta-region-server serverPath:/hbase/meta-region-server finished:false header:: 2,4  replyHeader:: 2,98784247959,0  request:: '/hbase/meta-region-server,F  response:: #ffffffff000146d61737465723a3136303030fffffffa2c1b28ffffffbe1ffffffb44a50425546a15a96861646f6f7031303210ffffff947d18fffffff4ffffffc2ffffffcfffffffa4ffffffa12f100183,s{42949672989,98784247918,1623579216052,1623842892847,35,0,0,0,56,0,42949672989} 
[DEBUG][21-06-16][org.apache.hbase.thirdparty.io.netty.buffer.AbstractByteBuf]-Dorg.apache.hbase.thirdparty.io.netty.buffer.bytebuf.checkAccessible: true
[DEBUG][21-06-16][org.apache.hbase.thirdparty.io.netty.util.ResourceLeakDetectorFactory]Loaded default ResourceLeakDetector: org.apache.hbase.thirdparty.io.netty.util.ResourceLeakDetector@7bd7d6d6
[DEBUG][21-06-16][org.apache.hbase.thirdparty.io.netty.channel.DefaultChannelId]-Dio.netty.processId: 20508 (auto-detected)
[DEBUG][21-06-16][org.apache.hbase.thirdparty.io.netty.util.NetUtil]-Djava.net.preferIPv4Stack: false
[DEBUG][21-06-16][org.apache.hbase.thirdparty.io.netty.util.NetUtil]-Djava.net.preferIPv6Addresses: false
[DEBUG][21-06-16][org.apache.hbase.thirdparty.io.netty.util.NetUtil]Loopback interface: lo (Software Loopback Interface 1, 127.0.0.1)
[DEBUG][21-06-16][org.apache.hbase.thirdparty.io.netty.util.NetUtil]Failed to get SOMAXCONN from sysctl and file \proc\sys\net\core\somaxconn. Default: 200
[DEBUG][21-06-16][org.apache.hbase.thirdparty.io.netty.channel.DefaultChannelId]-Dio.netty.machineId: dc:71:96:ff:fe:b8:76:c1 (auto-detected)
[DEBUG][21-06-16][org.apache.hbase.thirdparty.io.netty.util.internal.InternalThreadLocalMap]-Dio.netty.threadLocalMap.stringBuilder.initialSize: 1024
[DEBUG][21-06-16][org.apache.hbase.thirdparty.io.netty.util.internal.InternalThreadLocalMap]-Dio.netty.threadLocalMap.stringBuilder.maxSize: 4096
[DEBUG][21-06-16][org.apache.hbase.thirdparty.io.netty.buffer.PooledByteBufAllocator]-Dio.netty.allocator.numHeapArenas: 16
[DEBUG][21-06-16][org.apache.hbase.thirdparty.io.netty.buffer.PooledByteBufAllocator]-Dio.netty.allocator.numDirectArenas: 16
[DEBUG][21-06-16][org.apache.hbase.thirdparty.io.netty.buffer.PooledByteBufAllocator]-Dio.netty.allocator.pageSize: 8192
[DEBUG][21-06-16][org.apache.hbase.thirdparty.io.netty.buffer.PooledByteBufAllocator]-Dio.netty.allocator.maxOrder: 11
[DEBUG][21-06-16][org.apache.hbase.thirdparty.io.netty.buffer.PooledByteBufAllocator]-Dio.netty.allocator.chunkSize: 16777216
[DEBUG][21-06-16][org.apache.hbase.thirdparty.io.netty.buffer.PooledByteBufAllocator]-Dio.netty.allocator.tinyCacheSize: 512
[DEBUG][21-06-16][org.apache.hbase.thirdparty.io.netty.buffer.PooledByteBufAllocator]-Dio.netty.allocator.smallCacheSize: 256
[DEBUG][21-06-16][org.apache.hbase.thirdparty.io.netty.buffer.PooledByteBufAllocator]-Dio.netty.allocator.normalCacheSize: 64
[DEBUG][21-06-16][org.apache.hbase.thirdparty.io.netty.buffer.PooledByteBufAllocator]-Dio.netty.allocator.maxCachedBufferCapacity: 32768
[DEBUG][21-06-16][org.apache.hbase.thirdparty.io.netty.buffer.PooledByteBufAllocator]-Dio.netty.allocator.cacheTrimInterval: 8192
[DEBUG][21-06-16][org.apache.hbase.thirdparty.io.netty.buffer.PooledByteBufAllocator]-Dio.netty.allocator.useCacheForAllThreads: true
[DEBUG][21-06-16][org.apache.hbase.thirdparty.io.netty.buffer.ByteBufUtil]-Dio.netty.allocator.type: pooled
[DEBUG][21-06-16][org.apache.hbase.thirdparty.io.netty.buffer.ByteBufUtil]-Dio.netty.threadLocalDirectBufferSize: 65536
[DEBUG][21-06-16][org.apache.hbase.thirdparty.io.netty.buffer.ByteBufUtil]-Dio.netty.maxThreadLocalCharBufferSize: 16384
[DEBUG][21-06-16][org.apache.hbase.thirdparty.io.netty.util.Recycler]-Dio.netty.recycler.maxCapacityPerThread: 32768
[DEBUG][21-06-16][org.apache.hbase.thirdparty.io.netty.util.Recycler]-Dio.netty.recycler.maxSharedCapacityFactor: 2
[DEBUG][21-06-16][org.apache.hbase.thirdparty.io.netty.util.Recycler]-Dio.netty.recycler.linkCapacity: 16
[DEBUG][21-06-16][org.apache.hbase.thirdparty.io.netty.util.Recycler]-Dio.netty.recycler.ratio: 8
[DEBUG][21-06-16][org.apache.zookeeper.ClientCnxn]Reading reply sessionid:0x37a1435d61d000c, packet:: clientPath:/hbase/master serverPath:/hbase/master finished:false header:: 3,4  replyHeader:: 3,98784247959,0  request:: '/hbase/master,F  response:: #ffffffff000146d61737465723a3136303030ffffffacffffffb9ffffffe7ffffffc1fffffffbffffffaeffffffd1ffffffd350425546a15a96861646f6f7031303210ffffff807d18ffffffd4ffffff85ffffffcfffffffa4ffffffa12f10018ffffff8a7d,s{98784247896,98784247896,1623842877999,1623842877999,0,0,0,178477356692078598,57,0,98784247896} 
[INFO][21-06-16][org.apache.hadoop.hbase.client.HBaseAdmin]Operation: CREATE, Table Name: default:sanguo, procId: 16 completed
[INFO][21-06-16][org.apache.hadoop.hbase.client.HBaseAdmin]Started disable of sanguo
[INFO][21-06-16][org.apache.hadoop.hbase.client.HBaseAdmin]Operation: DISABLE, Table Name: default:sanguo, procId: 18 completed
[INFO][21-06-16][org.apache.hadoop.hbase.client.HBaseAdmin]Operation: DELETE, Table Name: default:sanguo, procId: 20 completed
[WARN][21-06-16][org.apache.hadoop.hbase.util.DynamicClassLoader]Failed to identify the fs of dir hdfs://hadoop102:8020/hbase/lib, ignored
java.io.IOException: No FileSystem for scheme: hdfs
	at org.apache.hadoop.fs.FileSystem.getFileSystemClass(FileSystem.java:2658)
	at org.apache.hadoop.fs.FileSystem.createFileSystem(FileSystem.java:2665)
	at org.apache.hadoop.fs.FileSystem.access$200(FileSystem.java:93)
	at org.apache.hadoop.fs.FileSystem$Cache.getInternal(FileSystem.java:2701)
	at org.apache.hadoop.fs.FileSystem$Cache.get(FileSystem.java:2683)
	at org.apache.hadoop.fs.FileSystem.get(FileSystem.java:372)
	at org.apache.hadoop.fs.Path.getFileSystem(Path.java:295)
	at org.apache.hadoop.hbase.util.DynamicClassLoader.initTempDir(DynamicClassLoader.java:120)
	at org.apache.hadoop.hbase.util.DynamicClassLoader.<init>(DynamicClassLoader.java:98)
	at org.apache.hadoop.hbase.ipc.RemoteWithExtrasException$ClassLoaderHolder.lambda$static$0(RemoteWithExtrasException.java:56)
	at java.security.AccessController.doPrivileged(Native Method)
	at org.apache.hadoop.hbase.ipc.RemoteWithExtrasException$ClassLoaderHolder.<clinit>(RemoteWithExtrasException.java:55)
	at org.apache.hadoop.hbase.ipc.RemoteWithExtrasException.unwrapRemoteException(RemoteWithExtrasException.java:79)
	at org.apache.hadoop.hbase.shaded.protobuf.ProtobufUtil.makeIOExceptionOfException(ProtobufUtil.java:362)
	at org.apache.hadoop.hbase.shaded.protobuf.ProtobufUtil.handleRemoteException(ProtobufUtil.java:350)
	at org.apache.hadoop.hbase.client.MasterCallable.call(MasterCallable.java:101)
	at org.apache.hadoop.hbase.client.RpcRetryingCallerImpl.callWithRetries(RpcRetryingCallerImpl.java:107)
	at org.apache.hadoop.hbase.client.HBaseAdmin.executeCallable(HBaseAdmin.java:3089)
	at org.apache.hadoop.hbase.client.HBaseAdmin.executeCallable(HBaseAdmin.java:3081)
	at org.apache.hadoop.hbase.client.HBaseAdmin.createNamespaceAsync(HBaseAdmin.java:2179)
	at org.apache.hadoop.hbase.client.HBaseAdmin.createNamespace(HBaseAdmin.java:2172)
	at hbaseclient.DdlOperate.createNameSpace(DdlOperate.java:115)
	at hbaseclient.DdlOperate.main(DdlOperate.java:160)
[INFO][21-06-16][org.apache.hadoop.hbase.client.ConnectionImplementation]Closing master protocol: MasterService
[DEBUG][21-06-16][org.apache.hadoop.hbase.zookeeper.ReadOnlyZKClient]Close zookeeper connection 0x062bd765 to hadoop102:2181,hadoop103:2181,hadoop104:2181
[DEBUG][21-06-16][org.apache.hadoop.hbase.ipc.AbstractRpcClient]Stopping rpc client
[DEBUG][21-06-16][org.apache.zookeeper.ZooKeeper]Closing session: 0x37a1435d61d000c
[DEBUG][21-06-16][org.apache.zookeeper.ClientCnxn]Closing client for session: 0x37a1435d61d000c
[DEBUG][21-06-16][org.apache.hadoop.security.Groups] Creating new Groups object
[DEBUG][21-06-16][org.apache.hadoop.util.NativeCodeLoader]Trying to load the custom-built native-hadoop library...
[DEBUG][21-06-16][org.apache.hadoop.util.NativeCodeLoader]Loaded the native-hadoop library
[DEBUG][21-06-16][org.apache.hadoop.security.JniBasedUnixGroupsMapping]Using JniBasedUnixGroupsMapping for Group resolution
[DEBUG][21-06-16][org.apache.hadoop.security.JniBasedUnixGroupsMappingWithFallback]Group mapping impl=org.apache.hadoop.security.JniBasedUnixGroupsMapping
[DEBUG][21-06-16][org.apache.hadoop.security.Groups]Group mapping impl=org.apache.hadoop.security.JniBasedUnixGroupsMappingWithFallback; cacheTimeout=300000; warningDeltaMs=5000
[DEBUG][21-06-16][org.apache.hadoop.metrics2.lib.MutableMetricsFactory]field org.apache.hadoop.metrics2.lib.MutableRate org.apache.hadoop.security.UserGroupInformation$UgiMetrics.loginSuccess with annotation @org.apache.hadoop.metrics2.annotation.Metric(always=false, about=, sampleName=Ops, type=DEFAULT, value=[Rate of successful kerberos logins and latency (milliseconds)], valueName=Time)
[DEBUG][21-06-16][org.apache.hadoop.metrics2.lib.MutableMetricsFactory]field org.apache.hadoop.metrics2.lib.MutableRate org.apache.hadoop.security.UserGroupInformation$UgiMetrics.loginFailure with annotation @org.apache.hadoop.metrics2.annotation.Metric(always=false, about=, sampleName=Ops, type=DEFAULT, value=[Rate of failed kerberos logins and latency (milliseconds)], valueName=Time)
[DEBUG][21-06-16][org.apache.hadoop.metrics2.lib.MutableMetricsFactory]field org.apache.hadoop.metrics2.lib.MutableRate org.apache.hadoop.security.UserGroupInformation$UgiMetrics.getGroups with annotation @org.apache.hadoop.metrics2.annotation.Metric(always=false, about=, sampleName=Ops, type=DEFAULT, value=[GetGroups], valueName=Time)
[DEBUG][21-06-16][org.apache.hadoop.metrics2.impl.MetricsSystemImpl]UgiMetrics, User and group related metrics
[DEBUG][21-06-16][org.apache.hadoop.security.authentication.util.KerberosName]Kerberos krb5 configuration not found, setting default realm to empty
[DEBUG][21-06-16][org.apache.hadoop.security.UserGroupInformation]hadoop login
[DEBUG][21-06-16][org.apache.hadoop.security.UserGroupInformation]hadoop login commit
[DEBUG][21-06-16][org.apache.hadoop.security.UserGroupInformation]using local user:NTUserPrincipal: capensis
[DEBUG][21-06-16][org.apache.hadoop.security.UserGroupInformation]Using user: "NTUserPrincipal: capensis" with name capensis
[DEBUG][21-06-16][org.apache.hadoop.security.UserGroupInformation]User entry: "capensis"
[DEBUG][21-06-16][org.apache.hadoop.security.UserGroupInformation]Assuming keytab is managed externally since logged in from subject.
[DEBUG][21-06-16][org.apache.hadoop.security.UserGroupInformation]UGI loginUser:capensis (auth:SIMPLE)
[DEBUG][21-06-16][org.apache.hadoop.hbase.zookeeper.ReadOnlyZKClient]Connect 0x797badd3 to hadoop102:2181,hadoop103:2181,hadoop104:2181 with session timeout=90000ms, retries 30, retry interval 1000ms, keepAlive=60000ms
[INFO][21-06-16][org.apache.zookeeper.ZooKeeper]Client environment:zookeeper.version=3.4.10-39d3a4f269333c922ed3db283be479f9deacaa0f, built on 03/23/2017 10:13 GMT
[INFO][21-06-16][org.apache.zookeeper.ZooKeeper]Client environment:host.name=kevin-honor
[INFO][21-06-16][org.apache.zookeeper.ZooKeeper]Client environment:java.version=1.8.0_212
[INFO][21-06-16][org.apache.zookeeper.ZooKeeper]Client environment:java.vendor=Oracle Corporation
[INFO][21-06-16][org.apache.zookeeper.ZooKeeper]Client environment:java.home=C:\Program Files\Java\jdk1.8.0_212\jre
[INFO][21-06-16][org.apache.zookeeper.ZooKeeper]Client environment:java.class.path=C:\Program Files\Java\jdk1.8.0_212\jre\lib\charsets.jar;C:\Program Files\Java\jdk1.8.0_212\jre\lib\deploy.jar;C:\Program Files\Java\jdk1.8.0_212\jre\lib\ext\access-bridge-64.jar;C:\Program Files\Java\jdk1.8.0_212\jre\lib\ext\cldrdata.jar;C:\Program Files\Java\jdk1.8.0_212\jre\lib\ext\dnsns.jar;C:\Program Files\Java\jdk1.8.0_212\jre\lib\ext\jaccess.jar;C:\Program Files\Java\jdk1.8.0_212\jre\lib\ext\jfxrt.jar;C:\Program Files\Java\jdk1.8.0_212\jre\lib\ext\localedata.jar;C:\Program Files\Java\jdk1.8.0_212\jre\lib\ext\nashorn.jar;C:\Program Files\Java\jdk1.8.0_212\jre\lib\ext\sunec.jar;C:\Program Files\Java\jdk1.8.0_212\jre\lib\ext\sunjce_provider.jar;C:\Program Files\Java\jdk1.8.0_212\jre\lib\ext\sunmscapi.jar;C:\Program Files\Java\jdk1.8.0_212\jre\lib\ext\sunpkcs11.jar;C:\Program Files\Java\jdk1.8.0_212\jre\lib\ext\zipfs.jar;C:\Program Files\Java\jdk1.8.0_212\jre\lib\javaws.jar;C:\Program Files\Java\jdk1.8.0_212\jre\lib\jce.jar;C:\Program Files\Java\jdk1.8.0_212\jre\lib\jfr.jar;C:\Program Files\Java\jdk1.8.0_212\jre\lib\jfxswt.jar;C:\Program Files\Java\jdk1.8.0_212\jre\lib\jsse.jar;C:\Program Files\Java\jdk1.8.0_212\jre\lib\management-agent.jar;C:\Program Files\Java\jdk1.8.0_212\jre\lib\plugin.jar;C:\Program Files\Java\jdk1.8.0_212\jre\lib\resources.jar;C:\Program Files\Java\jdk1.8.0_212\jre\lib\rt.jar;E:\IDEAProject\test\HbaseClient\hbaseOperate\target\classes;C:\Users\86187\.m2\repository\org\apache\hadoop\hadoop-hdfs\3.1.3\hadoop-hdfs-3.1.3.jar;C:\Users\86187\.m2\repository\com\google\guava\guava\27.0-jre\guava-27.0-jre.jar;C:\Users\86187\.m2\repository\com\google\guava\failureaccess\1.0\failureaccess-1.0.jar;C:\Users\86187\.m2\repository\com\google\guava\listenablefuture\9999.0-empty-to-avoid-conflict-with-guava\listenablefuture-9999.0-empty-to-avoid-conflict-with-guava.jar;C:\Users\86187\.m2\repository\com\google\code\findbugs\jsr305\3.0.2\jsr305-3.0.2.jar;C:\Users\86187\.m2\repository\org\checkerframework\checker-qual\2.5.2\checker-qual-2.5.2.jar;C:\Users\86187\.m2\repository\com\google\errorprone\error_prone_annotations\2.2.0\error_prone_annotations-2.2.0.jar;C:\Users\86187\.m2\repository\com\google\j2objc\j2objc-annotations\1.1\j2objc-annotations-1.1.jar;C:\Users\86187\.m2\repository\org\codehaus\mojo\animal-sniffer-annotations\1.17\animal-sniffer-annotations-1.17.jar;C:\Users\86187\.m2\repository\org\eclipse\jetty\jetty-server\9.3.24.v20180605\jetty-server-9.3.24.v20180605.jar;C:\Users\86187\.m2\repository\org\eclipse\jetty\jetty-http\9.3.24.v20180605\jetty-http-9.3.24.v20180605.jar;C:\Users\86187\.m2\repository\org\eclipse\jetty\jetty-io\9.3.24.v20180605\jetty-io-9.3.24.v20180605.jar;C:\Users\86187\.m2\repository\org\eclipse\jetty\jetty-util\9.3.24.v20180605\jetty-util-9.3.24.v20180605.jar;C:\Users\86187\.m2\repository\org\eclipse\jetty\jetty-util-ajax\9.3.24.v20180605\jetty-util-ajax-9.3.24.v20180605.jar;C:\Users\86187\.m2\repository\com\sun\jersey\jersey-core\1.19\jersey-core-1.19.jar;C:\Users\86187\.m2\repository\javax\ws\rs\jsr311-api\1.1.1\jsr311-api-1.1.1.jar;C:\Users\86187\.m2\repository\com\sun\jersey\jersey-server\1.19\jersey-server-1.19.jar;C:\Users\86187\.m2\repository\commons-cli\commons-cli\1.2\commons-cli-1.2.jar;C:\Users\86187\.m2\repository\commons-codec\commons-codec\1.11\commons-codec-1.11.jar;C:\Users\86187\.m2\repository\commons-io\commons-io\2.5\commons-io-2.5.jar;C:\Users\86187\.m2\repository\commons-lang\commons-lang\2.6\commons-lang-2.6.jar;C:\Users\86187\.m2\repository\commons-logging\commons-logging\1.1.3\commons-logging-1.1.3.jar;C:\Users\86187\.m2\repository\commons-daemon\commons-daemon\1.0.13\commons-daemon-1.0.13.jar;C:\Users\86187\.m2\repository\log4j\log4j\1.2.17\log4j-1.2.17.jar;C:\Users\86187\.m2\repository\com\google\protobuf\protobuf-java\2.5.0\protobuf-java-2.5.0.jar;C:\Users\86187\.m2\repository\javax\servlet\javax.servlet-api\3.1.0\javax.servlet-api-3.1.0.jar;C:\Users\86187\.m2\repository\io\netty\netty\3.10.5.Final\netty-3.10.5.Final.jar;C:\Users\86187\.m2\repository\io\netty\netty-all\4.0.52.Final\netty-all-4.0.52.Final.jar;C:\Users\86187\.m2\repository\org\apache\htrace\htrace-core4\4.1.0-incubating\htrace-core4-4.1.0-incubating.jar;C:\Users\86187\.m2\repository\org\fusesource\leveldbjni\leveldbjni-all\1.8\leveldbjni-all-1.8.jar;C:\Users\86187\.m2\repository\com\fasterxml\jackson\core\jackson-databind\2.7.8\jackson-databind-2.7.8.jar;C:\Users\86187\.m2\repository\org\apache\hbase\hbase-client\2.1.3\hbase-client-2.1.3.jar;C:\Users\86187\.m2\repository\org\apache\hbase\thirdparty\hbase-shaded-protobuf\2.1.0\hbase-shaded-protobuf-2.1.0.jar;C:\Users\86187\.m2\repository\org\apache\hbase\hbase-hadoop-compat\2.1.3\hbase-hadoop-compat-2.1.3.jar;C:\Users\86187\.m2\repository\org\apache\hbase\hbase-hadoop2-compat\2.1.3\hbase-hadoop2-compat-2.1.3.jar;C:\Users\86187\.m2\repository\org\apache\hbase\hbase-protocol-shaded\2.1.3\hbase-protocol-shaded-2.1.3.jar;C:\Users\86187\.m2\repository\org\apache\hbase\hbase-protocol\2.1.3\hbase-protocol-2.1.3.jar;C:\Users\86187\.m2\repository\org\apache\commons\commons-lang3\3.6\commons-lang3-3.6.jar;C:\Users\86187\.m2\repository\org\slf4j\slf4j-api\1.7.25\slf4j-api-1.7.25.jar;C:\Users\86187\.m2\repository\org\apache\hbase\thirdparty\hbase-shaded-miscellaneous\2.1.0\hbase-shaded-miscellaneous-2.1.0.jar;C:\Users\86187\.m2\repository\org\apache\hbase\thirdparty\hbase-shaded-netty\2.1.0\hbase-shaded-netty-2.1.0.jar;C:\Users\86187\.m2\repository\org\jruby\jcodings\jcodings\1.0.18\jcodings-1.0.18.jar;C:\Users\86187\.m2\repository\org\jruby\joni\joni\2.1.11\joni-2.1.11.jar;C:\Users\86187\.m2\repository\io\dropwizard\metrics\metrics-core\3.2.1\metrics-core-3.2.1.jar;C:\Users\86187\.m2\repository\org\apache\commons\commons-crypto\1.0.0\commons-crypto-1.0.0.jar;C:\Users\86187\.m2\repository\org\apache\hadoop\hadoop-auth\2.7.7\hadoop-auth-2.7.7.jar;C:\Users\86187\.m2\repository\org\apache\httpcomponents\httpclient\4.2.5\httpclient-4.2.5.jar;C:\Users\86187\.m2\repository\org\apache\httpcomponents\httpcore\4.2.4\httpcore-4.2.4.jar;C:\Users\86187\.m2\repository\org\apache\directory\server\apacheds-kerberos-codec\2.0.0-M15\apacheds-kerberos-codec-2.0.0-M15.jar;C:\Users\86187\.m2\repository\org\apache\directory\server\apacheds-i18n\2.0.0-M15\apacheds-i18n-2.0.0-M15.jar;C:\Users\86187\.m2\repository\org\apache\directory\api\api-asn1-api\1.0.0-M20\api-asn1-api-1.0.0-M20.jar;C:\Users\86187\.m2\repository\org\apache\directory\api\api-util\1.0.0-M20\api-util-1.0.0-M20.jar;C:\Users\86187\.m2\repository\org\apache\curator\curator-framework\2.7.1\curator-framework-2.7.1.jar;C:\Users\86187\.m2\repository\org\apache\hadoop\hadoop-common\2.7.7\hadoop-common-2.7.7.jar;C:\Users\86187\.m2\repository\org\apache\hadoop\hadoop-annotations\2.7.7\hadoop-annotations-2.7.7.jar;C:\Users\86187\.m2\repository\xmlenc\xmlenc\0.52\xmlenc-0.52.jar;C:\Users\86187\.m2\repository\commons-httpclient\commons-httpclient\3.1\commons-httpclient-3.1.jar;C:\Users\86187\.m2\repository\commons-net\commons-net\3.1\commons-net-3.1.jar;C:\Users\86187\.m2\repository\commons-collections\commons-collections\3.2.2\commons-collections-3.2.2.jar;C:\Users\86187\.m2\repository\org\mortbay\jetty\jetty-sslengine\6.1.26\jetty-sslengine-6.1.26.jar;C:\Users\86187\.m2\repository\commons-configuration\commons-configuration\1.6\commons-configuration-1.6.jar;C:\Users\86187\.m2\repository\commons-digester\commons-digester\1.8\commons-digester-1.8.jar;C:\Users\86187\.m2\repository\commons-beanutils\commons-beanutils\1.7.0\commons-beanutils-1.7.0.jar;C:\Users\86187\.m2\repository\commons-beanutils\commons-beanutils-core\1.8.0\commons-beanutils-core-1.8.0.jar;C:\Users\86187\.m2\repository\org\codehaus\jackson\jackson-core-asl\1.9.13\jackson-core-asl-1.9.13.jar;C:\Users\86187\.m2\repository\org\codehaus\jackson\jackson-mapper-asl\1.9.13\jackson-mapper-asl-1.9.13.jar;C:\Users\86187\.m2\repository\org\apache\avro\avro\1.7.4\avro-1.7.4.jar;C:\Users\86187\.m2\repository\com\thoughtworks\paranamer\paranamer\2.3\paranamer-2.3.jar;C:\Users\86187\.m2\repository\org\xerial\snappy\snappy-java\1.0.4.1\snappy-java-1.0.4.1.jar;C:\Users\86187\.m2\repository\com\google\code\gson\gson\2.2.4\gson-2.2.4.jar;C:\Users\86187\.m2\repository\com\jcraft\jsch\0.1.54\jsch-0.1.54.jar;C:\Users\86187\.m2\repository\org\apache\curator\curator-client\2.7.1\curator-client-2.7.1.jar;C:\Users\86187\.m2\repository\org\apache\curator\curator-recipes\2.7.1\curator-recipes-2.7.1.jar;C:\Users\86187\.m2\repository\org\apache\htrace\htrace-core\3.1.0-incubating\htrace-core-3.1.0-incubating.jar;C:\Users\86187\.m2\repository\org\apache\commons\commons-compress\1.4.1\commons-compress-1.4.1.jar;C:\Users\86187\.m2\repository\org\tukaani\xz\1.0\xz-1.0.jar;C:\Users\86187\.m2\repository\org\apache\yetus\audience-annotations\0.5.0\audience-annotations-0.5.0.jar;C:\Users\86187\.m2\repository\org\apache\hbase\hbase-server\2.1.3\hbase-server-2.1.3.jar;C:\Users\86187\.m2\repository\org\apache\hbase\hbase-http\2.1.3\hbase-http-2.1.3.jar;C:\Users\86187\.m2\repository\org\eclipse\jetty\jetty-security\9.3.25.v20180904\jetty-security-9.3.25.v20180904.jar;C:\Users\86187\.m2\repository\org\glassfish\jersey\core\jersey-server\2.25.1\jersey-server-2.25.1.jar;C:\Users\86187\.m2\repository\org\glassfish\jersey\core\jersey-common\2.25.1\jersey-common-2.25.1.jar;C:\Users\86187\.m2\repository\org\glassfish\jersey\bundles\repackaged\jersey-guava\2.25.1\jersey-guava-2.25.1.jar;C:\Users\86187\.m2\repository\org\glassfish\hk2\osgi-resource-locator\1.0.1\osgi-resource-locator-1.0.1.jar;C:\Users\86187\.m2\repository\org\glassfish\jersey\core\jersey-client\2.25.1\jersey-client-2.25.1.jar;C:\Users\86187\.m2\repository\org\glassfish\jersey\media\jersey-media-jaxb\2.25.1\jersey-media-jaxb-2.25.1.jar;C:\Users\86187\.m2\repository\javax\annotation\javax.annotation-api\1.2\javax.annotation-api-1.2.jar;C:\Users\86187\.m2\repository\org\glassfish\hk2\hk2-api\2.5.0-b32\hk2-api-2.5.0-b32.jar;C:\Users\86187\.m2\repository\org\glassfish\hk2\hk2-utils\2.5.0-b32\hk2-utils-2.5.0-b32.jar;C:\Users\86187\.m2\repository\org\glassfish\hk2\external\aopalliance-repackaged\2.5.0-b32\aopalliance-repackaged-2.5.0-b32.jar;C:\Users\86187\.m2\repository\org\glassfish\hk2\external\javax.inject\2.5.0-b32\javax.inject-2.5.0-b32.jar;C:\Users\86187\.m2\repository\org\glassfish\hk2\hk2-locator\2.5.0-b32\hk2-locator-2.5.0-b32.jar;C:\Users\86187\.m2\repository\org\javassist\javassist\3.20.0-GA\javassist-3.20.0-GA.jar;C:\Users\86187\.m2\repository\javax\validation\validation-api\1.1.0.Final\validation-api-1.1.0.Final.jar;C:\Users\86187\.m2\repository\org\glassfish\jersey\containers\jersey-container-servlet-core\2.25.1\jersey-container-servlet-core-2.25.1.jar;C:\Users\86187\.m2\repository\javax\ws\rs\javax.ws.rs-api\2.0.1\javax.ws.rs-api-2.0.1.jar;C:\Users\86187\.m2\repository\org\apache\hbase\hbase-procedure\2.1.3\hbase-procedure-2.1.3.jar;C:\Users\86187\.m2\repository\org\apache\hbase\hbase-zookeeper\2.1.3\hbase-zookeeper-2.1.3.jar;C:\Users\86187\.m2\repository\org\apache\hbase\hbase-replication\2.1.3\hbase-replication-2.1.3.jar;C:\Users\86187\.m2\repository\org\apache\hbase\hbase-metrics-api\2.1.3\hbase-metrics-api-2.1.3.jar;C:\Users\86187\.m2\repository\org\apache\hbase\hbase-metrics\2.1.3\hbase-metrics-2.1.3.jar;C:\Users\86187\.m2\repository\org\eclipse\jetty\jetty-servlet\9.3.25.v20180904\jetty-servlet-9.3.25.v20180904.jar;C:\Users\86187\.m2\repository\org\eclipse\jetty\jetty-webapp\9.3.25.v20180904\jetty-webapp-9.3.25.v20180904.jar;C:\Users\86187\.m2\repository\org\eclipse\jetty\jetty-xml\9.3.25.v20180904\jetty-xml-9.3.25.v20180904.jar;C:\Users\86187\.m2\repository\org\glassfish\web\javax.servlet.jsp\2.3.2\javax.servlet.jsp-2.3.2.jar;C:\Users\86187\.m2\repository\org\glassfish\javax.el\3.0.1-b12\javax.el-3.0.1-b12.jar;C:\Users\86187\.m2\repository\javax\servlet\jsp\javax.servlet.jsp-api\2.3.1\javax.servlet.jsp-api-2.3.1.jar;C:\Users\86187\.m2\repository\org\apache\commons\commons-math3\3.6.1\commons-math3-3.6.1.jar;C:\Users\86187\.m2\repository\org\slf4j\slf4j-log4j12\1.7.25\slf4j-log4j12-1.7.25.jar;C:\Users\86187\.m2\repository\org\jamon\jamon-runtime\2.4.1\jamon-runtime-2.4.1.jar;C:\Users\86187\.m2\repository\com\fasterxml\jackson\core\jackson-core\2.9.2\jackson-core-2.9.2.jar;C:\Users\86187\.m2\repository\com\fasterxml\jackson\core\jackson-annotations\2.9.2\jackson-annotations-2.9.2.jar;C:\Users\86187\.m2\repository\com\lmax\disruptor\3.3.6\disruptor-3.3.6.jar;C:\Users\86187\.m2\repository\org\apache\hadoop\hadoop-mapreduce-client-core\2.7.7\hadoop-mapreduce-client-core-2.7.7.jar;C:\Users\86187\.m2\repository\org\apache\hadoop\hadoop-yarn-common\2.7.7\hadoop-yarn-common-2.7.7.jar;C:\Users\86187\.m2\repository\org\apache\hadoop\hadoop-yarn-api\2.7.7\hadoop-yarn-api-2.7.7.jar;C:\Users\86187\.m2\repository\javax\xml\bind\jaxb-api\2.2.2\jaxb-api-2.2.2.jar;C:\Users\86187\.m2\repository\javax\xml\stream\stax-api\1.0-2\stax-api-1.0-2.jar;C:\Users\86187\.m2\repository\javax\activation\activation\1.1\activation-1.1.jar;C:\Users\86187\.m2\repository\javax\servlet\servlet-api\2.5\servlet-api-2.5.jar;C:\Users\86187\.m2\repository\org\mortbay\jetty\jetty-util\6.1.26\jetty-util-6.1.26.jar;C:\Users\86187\.m2\repository\com\sun\jersey\jersey-client\1.9\jersey-client-1.9.jar;C:\Users\86187\.m2\repository\org\codehaus\jackson\jackson-jaxrs\1.9.13\jackson-jaxrs-1.9.13.jar;C:\Users\86187\.m2\repository\org\codehaus\jackson\jackson-xc\1.9.13\jackson-xc-1.9.13.jar;C:\Users\86187\.m2\repository\com\google\inject\guice\3.0\guice-3.0.jar;C:\Users\86187\.m2\repository\javax\inject\javax.inject\1\javax.inject-1.jar;C:\Users\86187\.m2\repository\aopalliance\aopalliance\1.0\aopalliance-1.0.jar;C:\Users\86187\.m2\repository\com\sun\jersey\jersey-json\1.9\jersey-json-1.9.jar;C:\Users\86187\.m2\repository\org\codehaus\jettison\jettison\1.1\jettison-1.1.jar;C:\Users\86187\.m2\repository\com\sun\xml\bind\jaxb-impl\2.2.3-1\jaxb-impl-2.2.3-1.jar;C:\Users\86187\.m2\repository\com\sun\jersey\contribs\jersey-guice\1.9\jersey-guice-1.9.jar;C:\Users\86187\.m2\repository\com\google\inject\extensions\guice-servlet\3.0\guice-servlet-3.0.jar;C:\Users\86187\.m2\repository\org\apache\hbase\hbase-common\2.1.3\hbase-common-2.1.3.jar;C:\Users\86187\.m2\repository\com\github\stephenc\findbugs\findbugs-annotations\1.3.9-1\findbugs-annotations-1.3.9-1.jar;C:\Users\86187\.m2\repository\org\apache\hbase\hbase-mapreduce\2.1.3\hbase-mapreduce-2.1.3.jar;C:\Users\86187\.m2\repository\junit\junit\4.13.2\junit-4.13.2.jar;C:\Users\86187\.m2\repository\org\hamcrest\hamcrest-core\1.3\hamcrest-core-1.3.jar;C:\Users\86187\.m2\repository\org\apache\logging\log4j\log4j-core\2.8.2\log4j-core-2.8.2.jar;C:\Users\86187\.m2\repository\org\apache\logging\log4j\log4j-api\2.8.2\log4j-api-2.8.2.jar;C:\Users\86187\.m2\repository\org\apache\zookeeper\zookeeper\3.4.10\zookeeper-3.4.10.jar;C:\Users\86187\.m2\repository\jline\jline\0.9.94\jline-0.9.94.jar;D:\Program Files\JetBrains\IntelliJ IDEA 2020.3\lib\idea_rt.jar
[INFO][21-06-16][org.apache.zookeeper.ZooKeeper]Client environment:java.library.path=C:\Program Files\Java\jdk1.8.0_212\bin;C:\WINDOWS\Sun\Java\bin;C:\WINDOWS\system32;C:\WINDOWS;C:\Program Files\Java\jdk1.8.0_212\bin;E:\hadoop-3.1.0\bin;E:\apache-maven-3.8.1\bin;D:\Anaconda3;D:\Anaconda3\Library\mingw-w64\bin;D:\Anaconda3\Library\usr\bin;D:\Anaconda3\Library\bin;D:\Anaconda3\Scripts;C:\Program Files\Common Files\Oracle\Java\javapath;C:\WINDOWS\system32;C:\WINDOWS;C:\WINDOWS\System32\Wbem;C:\WINDOWS\System32\WindowsPowerShell\v1.0\;C:\WINDOWS\System32\OpenSSH\;d:\Program Files\MATLAB\R2018b\runtime\win64;d:\Program Files\MATLAB\R2018b\bin;D:\Program Files (x86)\Graphviz2.38\bin\dot.exe;D:\Program Files (x86)\Mysql\mysql-5.7.32-winx64\bin;C:\Program Files (x86)\Common Files\Oracle\Java\javapath;D:\Program Files (x86)\Mysql\mysql-5.7.32-winx64\bin;D:\Program Files\Anaconda3;D:\Program Files\Anaconda3\Library\mingw-w64\bin;D:\Program Files\Anaconda3\Library\usr\bin;D:\Program Files\Anaconda3\Library\bin;D:\Program Files\Anaconda3\Scripts;D:\Program Files (x86)\NetSarang\Xshell 7\;D:\Program Files (x86)\NetSarang\Xftp 7\;D:\Program Files\Anaconda3;D:\Program Files\Anaconda3\Library\mingw-w64\bin;D:\Program Files\Anaconda3\Library\usr\bin;D:\Program Files\Anaconda3\Library\bin;D:\Program Files\Anaconda3\Scripts;C:\Users\86187\AppData\Local\Microsoft\WindowsApps;d:\Program Files\JetBrains\PyCharm 2020.2.2\bin;;D:\Program Files (x86)\Graphviz2.38\bin;D:\Anaconda3;D:\Anaconda3\Library\mingw-w64\bin;D:\Anaconda3\Library\usr\bin;D:\Anaconda3\Library\bin;D:\Anaconda3\Scripts;d:\Program Files\JetBrains\IntelliJ IDEA 2020.3\bin;;D:\Program Files\Microsoft VS Code\bin;;.
[INFO][21-06-16][org.apache.zookeeper.ZooKeeper]Client environment:java.io.tmpdir=C:\Users\86187\AppData\Local\Temp\
[INFO][21-06-16][org.apache.zookeeper.ZooKeeper]Client environment:java.compiler=<NA>
[INFO][21-06-16][org.apache.zookeeper.ZooKeeper]Client environment:os.name=Windows 10
[INFO][21-06-16][org.apache.zookeeper.ZooKeeper]Client environment:os.arch=amd64
[INFO][21-06-16][org.apache.zookeeper.ZooKeeper]Client environment:os.version=10.0
[INFO][21-06-16][org.apache.zookeeper.ZooKeeper]Client environment:user.name=capensis
[INFO][21-06-16][org.apache.zookeeper.ZooKeeper]Client environment:user.home=C:\Users\86187
[INFO][21-06-16][org.apache.zookeeper.ZooKeeper]Client environment:user.dir=E:\IDEAProject\test\HbaseClient
[INFO][21-06-16][org.apache.zookeeper.ZooKeeper]Initiating client connection, connectString=hadoop102:2181,hadoop103:2181,hadoop104:2181 sessionTimeout=90000 watcher=org.apache.hadoop.hbase.zookeeper.ReadOnlyZKClient$$Lambda$6/1773981665@49449fef
[DEBUG][21-06-16][org.apache.zookeeper.ClientCnxn]zookeeper.disableAutoWatchReset is false
[INFO][21-06-16][org.apache.zookeeper.ClientCnxn]Opening socket connection to server hadoop102/192.168.10.102:2181. Will not attempt to authenticate using SASL (unknown error)
[INFO][21-06-16][org.apache.zookeeper.ClientCnxn]Socket connection established to hadoop102/192.168.10.102:2181, initiating session
[DEBUG][21-06-16][org.apache.zookeeper.ClientCnxn]Session establishment request sent on hadoop102/192.168.10.102:2181
[INFO][21-06-16][org.apache.zookeeper.ClientCnxn]Session establishment complete on server hadoop102/192.168.10.102:2181, sessionid = 0x27a1435d615000f, negotiated timeout = 40000
[DEBUG][21-06-16][org.apache.zookeeper.ClientCnxn]Reading reply sessionid:0x27a1435d615000f, packet:: clientPath:/hbase/hbaseid serverPath:/hbase/hbaseid finished:false header:: 1,4  replyHeader:: 1,98784247967,0  request:: '/hbase/hbaseid,F  response:: #ffffffff000146d61737465723a3136303030ffffffd276b6f5a4a74ffffffb950425546a2431623366393862322d643461622d343837382d396236342d353831306462643262316135,s{42949672968,98784247898,1623579169938,1623842880841,14,0,0,0,67,0,42949672968} 
[DEBUG][21-06-16][org.apache.hbase.thirdparty.io.netty.util.internal.logging.InternalLoggerFactory]Using SLF4J as the default logging framework
[DEBUG][21-06-16][org.apache.hbase.thirdparty.io.netty.util.ResourceLeakDetector]-Dorg.apache.hbase.thirdparty.io.netty.leakDetection.level: simple
[DEBUG][21-06-16][org.apache.hbase.thirdparty.io.netty.util.ResourceLeakDetector]-Dorg.apache.hbase.thirdparty.io.netty.leakDetection.targetRecords: 4
[DEBUG][21-06-16][org.apache.hbase.thirdparty.io.netty.util.internal.PlatformDependent]Platform: Windows
[DEBUG][21-06-16][org.apache.hbase.thirdparty.io.netty.util.internal.PlatformDependent0]-Dio.netty.noUnsafe: false
[DEBUG][21-06-16][org.apache.hbase.thirdparty.io.netty.util.internal.PlatformDependent0]Java version: 8
[DEBUG][21-06-16][org.apache.hbase.thirdparty.io.netty.util.internal.PlatformDependent0]sun.misc.Unsafe.theUnsafe: available
[DEBUG][21-06-16][org.apache.hbase.thirdparty.io.netty.util.internal.PlatformDependent0]sun.misc.Unsafe.copyMemory: available
[DEBUG][21-06-16][org.apache.hbase.thirdparty.io.netty.util.internal.PlatformDependent0]java.nio.Buffer.address: available
[DEBUG][21-06-16][org.apache.hbase.thirdparty.io.netty.util.internal.PlatformDependent0]direct buffer constructor: available
[DEBUG][21-06-16][org.apache.hbase.thirdparty.io.netty.util.internal.PlatformDependent0]java.nio.Bits.unaligned: available, true
[DEBUG][21-06-16][org.apache.hbase.thirdparty.io.netty.util.internal.PlatformDependent0]jdk.internal.misc.Unsafe.allocateUninitializedArray(int): unavailable prior to Java9
[DEBUG][21-06-16][org.apache.hbase.thirdparty.io.netty.util.internal.PlatformDependent0]java.nio.DirectByteBuffer.<init>(long, int): available
[DEBUG][21-06-16][org.apache.hbase.thirdparty.io.netty.util.internal.PlatformDependent]sun.misc.Unsafe: available
[DEBUG][21-06-16][org.apache.hbase.thirdparty.io.netty.util.internal.PlatformDependent]-Dio.netty.tmpdir: C:\Users\86187\AppData\Local\Temp (java.io.tmpdir)
[DEBUG][21-06-16][org.apache.hbase.thirdparty.io.netty.util.internal.PlatformDependent]-Dio.netty.bitMode: 64 (sun.arch.data.model)
[DEBUG][21-06-16][org.apache.hbase.thirdparty.io.netty.util.internal.PlatformDependent]-Dio.netty.noPreferDirect: false
[DEBUG][21-06-16][org.apache.hbase.thirdparty.io.netty.util.internal.PlatformDependent]-Dio.netty.maxDirectMemory: 1853358080 bytes
[DEBUG][21-06-16][org.apache.hbase.thirdparty.io.netty.util.internal.PlatformDependent]-Dio.netty.uninitializedArrayAllocationThreshold: -1
[DEBUG][21-06-16][org.apache.hbase.thirdparty.io.netty.util.internal.CleanerJava6]java.nio.ByteBuffer.cleaner(): available
[DEBUG][21-06-16][org.apache.hbase.thirdparty.io.netty.util.ResourceLeakDetectorFactory]Loaded default ResourceLeakDetector: org.apache.hbase.thirdparty.io.netty.util.ResourceLeakDetector@11dc3715
[DEBUG][21-06-16][org.apache.hbase.thirdparty.io.netty.util.internal.PlatformDependent]org.jctools-core.MpscChunkedArrayQueue: available
[DEBUG][21-06-16][org.apache.hadoop.hbase.util.ClassSize]Using Unsafe to estimate memory layout
[DEBUG][21-06-16][org.apache.hadoop.hbase.ipc.AbstractRpcClient]Codec=org.apache.hadoop.hbase.codec.KeyValueCodec@1f3f4916, compressor=null, tcpKeepAlive=true, tcpNoDelay=true, connectTO=10000, readTO=20000, writeTO=60000, minIdleTimeBeforeClose=120000, maxRetries=0, fallbackAllowed=false, bind address=null
[DEBUG][21-06-16][org.apache.hbase.thirdparty.io.netty.channel.MultithreadEventLoopGroup]-Dio.netty.eventLoopThreads: 16
[DEBUG][21-06-16][org.apache.hbase.thirdparty.io.netty.channel.nio.NioEventLoop]-Dio.netty.noKeySetOptimization: false
[DEBUG][21-06-16][org.apache.hbase.thirdparty.io.netty.channel.nio.NioEventLoop]-Dio.netty.selectorAutoRebuildThreshold: 512
[DEBUG][21-06-16][org.apache.zookeeper.ClientCnxn]Reading reply sessionid:0x27a1435d615000f, packet:: clientPath:/hbase/meta-region-server serverPath:/hbase/meta-region-server finished:false header:: 2,4  replyHeader:: 2,98784247967,0  request:: '/hbase/meta-region-server,F  response:: #ffffffff000146d61737465723a3136303030fffffffa2c1b28ffffffbe1ffffffb44a50425546a15a96861646f6f7031303210ffffff947d18fffffff4ffffffc2ffffffcfffffffa4ffffffa12f100183,s{42949672989,98784247918,1623579216052,1623842892847,35,0,0,0,56,0,42949672989} 
[DEBUG][21-06-16][org.apache.hbase.thirdparty.io.netty.buffer.AbstractByteBuf]-Dorg.apache.hbase.thirdparty.io.netty.buffer.bytebuf.checkAccessible: true
[DEBUG][21-06-16][org.apache.hbase.thirdparty.io.netty.util.ResourceLeakDetectorFactory]Loaded default ResourceLeakDetector: org.apache.hbase.thirdparty.io.netty.util.ResourceLeakDetector@7703b110
[DEBUG][21-06-16][org.apache.hbase.thirdparty.io.netty.channel.DefaultChannelId]-Dio.netty.processId: 6880 (auto-detected)
[DEBUG][21-06-16][org.apache.hbase.thirdparty.io.netty.util.NetUtil]-Djava.net.preferIPv4Stack: false
[DEBUG][21-06-16][org.apache.hbase.thirdparty.io.netty.util.NetUtil]-Djava.net.preferIPv6Addresses: false
[DEBUG][21-06-16][org.apache.hbase.thirdparty.io.netty.util.NetUtil]Loopback interface: lo (Software Loopback Interface 1, 127.0.0.1)
[DEBUG][21-06-16][org.apache.hbase.thirdparty.io.netty.util.NetUtil]Failed to get SOMAXCONN from sysctl and file \proc\sys\net\core\somaxconn. Default: 200
[DEBUG][21-06-16][org.apache.hbase.thirdparty.io.netty.channel.DefaultChannelId]-Dio.netty.machineId: dc:71:96:ff:fe:b8:76:c1 (auto-detected)
[DEBUG][21-06-16][org.apache.hbase.thirdparty.io.netty.util.internal.InternalThreadLocalMap]-Dio.netty.threadLocalMap.stringBuilder.initialSize: 1024
[DEBUG][21-06-16][org.apache.hbase.thirdparty.io.netty.util.internal.InternalThreadLocalMap]-Dio.netty.threadLocalMap.stringBuilder.maxSize: 4096
[DEBUG][21-06-16][org.apache.hbase.thirdparty.io.netty.buffer.PooledByteBufAllocator]-Dio.netty.allocator.numHeapArenas: 16
[DEBUG][21-06-16][org.apache.hbase.thirdparty.io.netty.buffer.PooledByteBufAllocator]-Dio.netty.allocator.numDirectArenas: 16
[DEBUG][21-06-16][org.apache.hbase.thirdparty.io.netty.buffer.PooledByteBufAllocator]-Dio.netty.allocator.pageSize: 8192
[DEBUG][21-06-16][org.apache.hbase.thirdparty.io.netty.buffer.PooledByteBufAllocator]-Dio.netty.allocator.maxOrder: 11
[DEBUG][21-06-16][org.apache.hbase.thirdparty.io.netty.buffer.PooledByteBufAllocator]-Dio.netty.allocator.chunkSize: 16777216
[DEBUG][21-06-16][org.apache.hbase.thirdparty.io.netty.buffer.PooledByteBufAllocator]-Dio.netty.allocator.tinyCacheSize: 512
[DEBUG][21-06-16][org.apache.hbase.thirdparty.io.netty.buffer.PooledByteBufAllocator]-Dio.netty.allocator.smallCacheSize: 256
[DEBUG][21-06-16][org.apache.hbase.thirdparty.io.netty.buffer.PooledByteBufAllocator]-Dio.netty.allocator.normalCacheSize: 64
[DEBUG][21-06-16][org.apache.hbase.thirdparty.io.netty.buffer.PooledByteBufAllocator]-Dio.netty.allocator.maxCachedBufferCapacity: 32768
[DEBUG][21-06-16][org.apache.hbase.thirdparty.io.netty.buffer.PooledByteBufAllocator]-Dio.netty.allocator.cacheTrimInterval: 8192
[DEBUG][21-06-16][org.apache.hbase.thirdparty.io.netty.buffer.PooledByteBufAllocator]-Dio.netty.allocator.useCacheForAllThreads: true
[DEBUG][21-06-16][org.apache.hbase.thirdparty.io.netty.buffer.ByteBufUtil]-Dio.netty.allocator.type: pooled
[DEBUG][21-06-16][org.apache.hbase.thirdparty.io.netty.buffer.ByteBufUtil]-Dio.netty.threadLocalDirectBufferSize: 65536
[DEBUG][21-06-16][org.apache.hbase.thirdparty.io.netty.buffer.ByteBufUtil]-Dio.netty.maxThreadLocalCharBufferSize: 16384
[DEBUG][21-06-16][org.apache.hbase.thirdparty.io.netty.util.Recycler]-Dio.netty.recycler.maxCapacityPerThread: 32768
[DEBUG][21-06-16][org.apache.hbase.thirdparty.io.netty.util.Recycler]-Dio.netty.recycler.maxSharedCapacityFactor: 2
[DEBUG][21-06-16][org.apache.hbase.thirdparty.io.netty.util.Recycler]-Dio.netty.recycler.linkCapacity: 16
[DEBUG][21-06-16][org.apache.hbase.thirdparty.io.netty.util.Recycler]-Dio.netty.recycler.ratio: 8
[DEBUG][21-06-16][org.apache.hadoop.hbase.zookeeper.ReadOnlyZKClient]Close zookeeper connection 0x797badd3 to hadoop102:2181,hadoop103:2181,hadoop104:2181
[DEBUG][21-06-16][org.apache.hadoop.hbase.ipc.AbstractRpcClient]Stopping rpc client
[DEBUG][21-06-16][org.apache.zookeeper.ZooKeeper]Closing session: 0x27a1435d615000f
[DEBUG][21-06-16][org.apache.zookeeper.ClientCnxn]Closing client for session: 0x27a1435d615000f
